<?xml version="1.0" encoding="UTF-8"?>
<!-- Generated by org.testng.reporters.JUnitReportReporter -->
<testsuite hostname="SRINIVAS-G2005" failures="0" tests="1" name="tutorialsPoint.Handling_CheckBoxes" time="0.481" errors="0" timestamp="2025-07-05T20:19:00 IST" skipped="0">
  <testcase classname="tutorialsPoint.Handling_CheckBoxes" name="clickRootCheckboxes1" time="0.481"/>
</testsuite> <!-- tutorialsPoint.Handling_CheckBoxes -->
