<?xml version="1.0" encoding="UTF-8"?>
<!-- Generated by org.testng.reporters.JUnitReportReporter -->
<testsuite hostname="SRINIVAS-G2005" failures="0" tests="1" name="theInternetHerokuApp.HandlingCheckBoxes" time="0.257" errors="0" timestamp="2025-04-04T20:56:53 IST" skipped="0">
  <testcase classname="theInternetHerokuApp.HandlingCheckBoxes" name="testCaseOne" time="0.257"/>
</testsuite> <!-- theInternetHerokuApp.HandlingCheckBoxes -->
