<?xml version="1.0" encoding="UTF-8"?>
<!-- Generated by org.testng.reporters.JUnitReportReporter -->
<testsuite hostname="SRINIVAS-G2005" failures="0" tests="1" name="qa_Practice.HandlingMultiCheckBoxs" time="1.717" errors="0" timestamp="2025-04-04T22:11:26 IST" skipped="0">
  <testcase classname="qa_Practice.HandlingMultiCheckBoxs" name="multipleCheckBoxs" time="1.717"/>
</testsuite> <!-- qa_Practice.HandlingMultiCheckBoxs -->
