<?xml version="1.0" encoding="UTF-8"?>
<!-- Generated by org.testng.reporters.JUnitReportReporter -->
<testsuite hostname="SRINIVAS-G2005" failures="0" tests="5" name="DemoQA.HandlingCheckBoxes" time="5.405" errors="0" timestamp="2025-03-02T16:00:57 IST" skipped="0">
  <testcase classname="DemoQA.HandlingCheckBoxes" name="clickRootCheckBoxes" time="0.450"/>
  <testcase classname="DemoQA.HandlingCheckBoxes" name="clickAllCheckBoxes" time="0.537"/>
  <testcase classname="DemoQA.HandlingCheckBoxes" name="clickSetBySetBoxes" time="3.622"/>
  <testcase classname="DemoQA.HandlingCheckBoxes" name="clickBoxWithName" time="0.480"/>
  <testcase classname="DemoQA.HandlingCheckBoxes" name="clickRandomBox" time="0.316"/>
</testsuite> <!-- DemoQA.HandlingCheckBoxes -->
