<?xml version="1.0" encoding="UTF-8"?>
<!-- Generated by org.testng.reporters.JUnitReportReporter -->
<testsuite hostname="SRINIVAS-G2005" failures="0" tests="1" name="automationBlogSpot.HandlingCheckBoxes" time="0.046" errors="0" timestamp="2025-03-29T08:52:52 IST" skipped="0">
  <testcase classname="automationBlogSpot.HandlingCheckBoxes" name="customCheckBox" time="0.046"/>
</testsuite> <!-- automationBlogSpot.HandlingCheckBoxes -->
