<?xml version="1.0" encoding="UTF-8"?>
<!-- Generated by org.testng.reporters.JUnitReportReporter -->
<testsuite hostname="SRINIVAS-G2005" failures="0" tests="1" name="qa_Practice.HandlingSingleCheckBox" time="0.277" errors="0" timestamp="2025-04-04T21:59:10 IST" skipped="0">
  <testcase classname="qa_Practice.HandlingSingleCheckBox" name="singleCheckBox" time="0.277"/>
</testsuite> <!-- qa_Practice.HandlingSingleCheckBox -->
