<?xml version="1.0" encoding="UTF-8"?>
<!-- Generated by org.testng.reporters.JUnitReportReporter -->
<testsuite hostname="SRINIVAS-G2005" failures="0" tests="1" name="automationBlogSpot.HandlingCheckBoxes" time="0.223" errors="0" timestamp="2025-03-29T09:16:56 IST" skipped="0">
  <testcase classname="automationBlogSpot.HandlingCheckBoxes" name="lastThreeBoxes" time="0.223"/>
</testsuite> <!-- automationBlogSpot.HandlingCheckBoxes -->
