<?xml version="1.0" encoding="UTF-8"?>
<!-- Generated by org.testng.reporters.JUnitReportReporter -->
<testsuite hostname="SRINIVAS-G2005" failures="0" tests="5" name="automationBlogSpot.HandlingCheckBoxes" time="6.146" errors="0" timestamp="2025-03-29T09:41:13 IST" skipped="0">
  <testcase classname="automationBlogSpot.HandlingCheckBoxes" name="customCheckBox" time="0.224"/>
  <testcase classname="automationBlogSpot.HandlingCheckBoxes" name="selectAllBoxes" time="0.996"/>
  <testcase classname="automationBlogSpot.HandlingCheckBoxes" name="lastThreeBoxes" time="0.404"/>
  <testcase classname="automationBlogSpot.HandlingCheckBoxes" name="evenCheckBoxes" time="0.530"/>
  <testcase classname="automationBlogSpot.HandlingCheckBoxes" name="unselectSelectedBoxes" time="3.992"/>
</testsuite> <!-- automationBlogSpot.HandlingCheckBoxes -->
