<?xml version="1.0" encoding="UTF-8"?>
<!-- Generated by org.testng.reporters.JUnitReportReporter -->
<testsuite hostname="SRINIVAS-G2005" failures="0" tests="2" name="theInternetHerokuApp.HandlingCheckBoxes" time="0.279" errors="0" timestamp="2025-04-04T21:31:33 IST" skipped="0">
  <testcase classname="theInternetHerokuApp.HandlingCheckBoxes" name="testCaseOne" time="0.222"/>
  <testcase classname="theInternetHerokuApp.HandlingCheckBoxes" name="testCaseTwo" time="0.057"/>
</testsuite> <!-- theInternetHerokuApp.HandlingCheckBoxes -->
